<?xml version="1.0" encoding="UTF-8"?>
<!-- Generated by org.testng.reporters.JUnitReportReporter -->
<testsuite skipped="0" hostname="dhrub" name="com.test.AddCategoryPageTest" tests="2" failures="0" timestamp="2021-02-11T16:37:37 CST" time="9.068" errors="0">
  <testcase name="EnterNewCategoryTest" time="3.943" classname="com.test.AddCategoryPageTest"/>
  <system-out/>
  <testcase name="EnterAddCategoryButton" time="5.125" classname="com.test.AddCategoryPageTest"/>
  <system-out/>
</testsuite> <!-- com.test.AddCategoryPageTest -->
