<?xml version="1.0" encoding="UTF-8"?>
<!-- Generated by org.testng.reporters.JUnitReportReporter -->
<testsuite skipped="0" hostname="dhrub" name="com.test.AddCategoryPageTest" tests="4" failures="0" timestamp="2021-02-22T17:20:19 CST" time="18.878" errors="0">
  <testcase name="VerifyAddCustomerLabelTest" time="5.229" classname="com.test.AddCategoryPageTest"/>
  <system-out/>
  <testcase name="EnterNewCategoryTest" time="5.380" classname="com.test.AddCategoryPageTest"/>
  <system-out/>
  <testcase name="EnterToggleAllButton" time="3.940" classname="com.test.AddCategoryPageTest"/>
  <system-out/>
  <testcase name="EnterAddCategoryButton" time="4.329" classname="com.test.AddCategoryPageTest"/>
  <system-out/>
</testsuite> <!-- com.test.AddCategoryPageTest -->
